2022-04-22 16:47:21,674:INFO: Loading the datasets...
2022-04-22 17:12:02,811:INFO: Loading the datasets...
2022-04-22 17:16:23,770:INFO: Loading the datasets...
2022-04-22 17:16:23,791:INFO: - done.
2022-04-22 17:16:23,815:INFO: Starting training for 2 epoch(s)
2022-04-22 17:16:23,816:INFO: Epoch 1/2
2022-04-22 17:34:41,012:INFO: Loading the datasets...
2022-04-22 17:38:10,146:INFO: Loading the datasets...
2022-04-22 17:40:39,839:INFO: Loading the datasets...
2022-04-22 17:42:07,708:INFO: Loading the datasets...
2022-04-22 17:44:46,658:INFO: Loading the datasets...
2022-04-22 17:46:48,064:INFO: Loading the datasets...
2022-04-22 18:16:40,021:INFO: Loading the datasets...
2022-04-22 18:20:11,669:INFO: Loading the datasets...
2022-04-22 18:26:06,336:INFO: Loading the datasets...
2022-04-22 18:33:00,854:INFO: Loading the datasets...
2022-04-22 18:39:03,850:INFO: Loading the datasets...
2022-04-22 18:45:47,768:INFO: Loading the datasets...
2022-04-22 18:48:55,110:INFO: Loading the datasets...
2022-04-22 20:43:40,957:INFO: Loading the datasets...
2022-04-22 20:49:50,166:INFO: Loading the datasets...
2022-04-22 20:49:50,250:INFO: - done.
2022-04-22 20:49:50,291:INFO: Starting training for 2 epoch(s)
2022-04-22 20:49:50,291:INFO: Epoch 1/2
2022-04-22 20:49:55,327:INFO: - Train metrics: accuracy: 0.717 ; loss: 0.615
2022-04-22 20:49:55,479:INFO: - Eval metrics : accuracy: 0.882 ; loss: 0.320
2022-04-22 20:49:55,519:INFO: - Found new best accuracy
2022-04-22 20:49:55,531:INFO: Epoch 2/2
2022-04-22 20:50:00,394:INFO: - Train metrics: accuracy: 0.865 ; loss: 0.322
2022-04-22 20:50:00,548:INFO: - Eval metrics : accuracy: 0.882 ; loss: 0.292
2022-04-22 20:50:00,581:INFO: - Found new best accuracy
2022-04-22 20:51:26,222:INFO: Loading the datasets...
2022-04-22 20:51:26,320:INFO: - done.
2022-04-22 20:51:26,354:INFO: Starting training for 10 epoch(s)
2022-04-22 20:51:26,362:INFO: Epoch 1/10
2022-04-22 20:51:31,405:INFO: - Train metrics: accuracy: 0.717 ; loss: 0.615
2022-04-22 20:51:31,586:INFO: - Eval metrics : accuracy: 0.882 ; loss: 0.320
2022-04-22 20:51:32,262:INFO: - Found new best accuracy
2022-04-22 20:51:32,265:INFO: Epoch 2/10
2022-04-22 20:51:37,162:INFO: - Train metrics: accuracy: 0.865 ; loss: 0.322
2022-04-22 20:51:37,299:INFO: - Eval metrics : accuracy: 0.882 ; loss: 0.292
2022-04-22 20:51:37,328:INFO: - Found new best accuracy
2022-04-22 20:51:37,330:INFO: Epoch 3/10
2022-04-22 20:51:42,497:INFO: - Train metrics: accuracy: 0.865 ; loss: 0.289
2022-04-22 20:51:42,645:INFO: - Eval metrics : accuracy: 0.887 ; loss: 0.280
2022-04-22 20:51:42,677:INFO: - Found new best accuracy
2022-04-22 20:51:42,686:INFO: Epoch 4/10
2022-04-22 20:51:47,903:INFO: - Train metrics: accuracy: 0.871 ; loss: 0.266
2022-04-22 20:51:48,052:INFO: - Eval metrics : accuracy: 0.890 ; loss: 0.275
2022-04-22 20:51:48,079:INFO: - Found new best accuracy
2022-04-22 20:51:48,088:INFO: Epoch 5/10
2022-04-22 20:51:53,215:INFO: - Train metrics: accuracy: 0.877 ; loss: 0.244
2022-04-22 20:51:53,377:INFO: - Eval metrics : accuracy: 0.890 ; loss: 0.273
2022-04-22 20:51:53,403:INFO: Epoch 6/10
2022-04-22 20:51:58,658:INFO: - Train metrics: accuracy: 0.888 ; loss: 0.224
2022-04-22 20:51:58,829:INFO: - Eval metrics : accuracy: 0.888 ; loss: 0.275
2022-04-22 20:51:58,846:INFO: Epoch 7/10
2022-04-22 20:52:04,037:INFO: - Train metrics: accuracy: 0.901 ; loss: 0.205
2022-04-22 20:52:04,192:INFO: - Eval metrics : accuracy: 0.880 ; loss: 0.280
2022-04-22 20:52:04,229:INFO: Epoch 8/10
2022-04-22 20:52:09,088:INFO: - Train metrics: accuracy: 0.905 ; loss: 0.188
2022-04-22 20:52:09,246:INFO: - Eval metrics : accuracy: 0.879 ; loss: 0.288
2022-04-22 20:52:09,262:INFO: Epoch 9/10
2022-04-22 20:52:14,164:INFO: - Train metrics: accuracy: 0.917 ; loss: 0.171
2022-04-22 20:52:14,314:INFO: - Eval metrics : accuracy: 0.876 ; loss: 0.298
2022-04-22 20:52:14,332:INFO: Epoch 10/10
2022-04-22 20:52:19,518:INFO: - Train metrics: accuracy: 0.926 ; loss: 0.154
2022-04-22 20:52:19,728:INFO: - Eval metrics : accuracy: 0.874 ; loss: 0.312
2022-04-22 21:13:07,832:INFO: Loading the datasets...
2022-04-22 21:13:07,897:INFO: - done.
2022-04-22 21:13:07,930:INFO: Starting training for 2 epoch(s)
2022-04-22 21:13:07,930:INFO: Epoch 1/2
2022-04-22 21:13:13,362:INFO: - Train metrics: accuracy: 0.717 ; loss: 0.615
2022-04-22 21:13:13,498:INFO: - Eval metrics : accuracy: 0.882 ; loss: 0.320
2022-04-22 21:13:13,521:INFO: - Found new best accuracy
2022-04-22 21:13:13,532:INFO: Epoch 2/2
2022-04-22 21:13:19,728:INFO: - Train metrics: accuracy: 0.865 ; loss: 0.322
2022-04-22 21:13:20,014:INFO: - Eval metrics : accuracy: 0.882 ; loss: 0.292
2022-04-22 21:13:20,043:INFO: - Found new best accuracy
2022-04-22 21:14:13,397:INFO: Loading the datasets...
2022-04-22 21:14:13,477:INFO: - done.
2022-04-22 21:14:13,479:INFO: Starting training for 3 epoch(s)
2022-04-22 21:14:13,479:INFO: Epoch 1/3
2022-04-22 21:14:18,386:INFO: - Train metrics: accuracy: 0.717 ; loss: 0.615
2022-04-22 21:14:18,536:INFO: - Eval metrics : accuracy: 0.882 ; loss: 0.320
2022-04-22 21:14:18,555:INFO: - Found new best accuracy
2022-04-22 21:14:18,563:INFO: Epoch 2/3
2022-04-22 21:14:23,537:INFO: - Train metrics: accuracy: 0.865 ; loss: 0.322
2022-04-22 21:14:23,677:INFO: - Eval metrics : accuracy: 0.882 ; loss: 0.292
2022-04-22 21:14:23,708:INFO: - Found new best accuracy
2022-04-22 21:14:23,712:INFO: Epoch 3/3
2022-04-22 21:14:28,678:INFO: - Train metrics: accuracy: 0.865 ; loss: 0.289
2022-04-22 21:14:28,793:INFO: - Eval metrics : accuracy: 0.887 ; loss: 0.280
2022-04-22 21:14:28,827:INFO: - Found new best accuracy
2022-04-22 21:15:34,505:INFO: Loading the datasets...
2022-04-22 21:15:34,549:INFO: - done.
2022-04-22 21:15:34,590:INFO: Starting training for 5 epoch(s)
2022-04-22 21:15:34,591:INFO: Epoch 1/5
2022-04-22 21:15:39,548:INFO: - Train metrics: accuracy: 0.717 ; loss: 0.615
2022-04-22 21:15:39,712:INFO: - Eval metrics : accuracy: 0.882 ; loss: 0.320
2022-04-22 21:15:39,741:INFO: - Found new best accuracy
2022-04-22 21:15:39,745:INFO: Epoch 2/5
2022-04-22 21:15:44,609:INFO: - Train metrics: accuracy: 0.865 ; loss: 0.322
2022-04-22 21:15:44,763:INFO: - Eval metrics : accuracy: 0.882 ; loss: 0.292
2022-04-22 21:15:44,785:INFO: - Found new best accuracy
2022-04-22 21:15:44,794:INFO: Epoch 3/5
2022-04-22 21:15:49,645:INFO: - Train metrics: accuracy: 0.865 ; loss: 0.289
2022-04-22 21:15:49,777:INFO: - Eval metrics : accuracy: 0.887 ; loss: 0.280
2022-04-22 21:15:49,794:INFO: - Found new best accuracy
2022-04-22 21:15:49,804:INFO: Epoch 4/5
2022-04-22 21:15:54,781:INFO: - Train metrics: accuracy: 0.871 ; loss: 0.266
2022-04-22 21:15:54,928:INFO: - Eval metrics : accuracy: 0.890 ; loss: 0.275
2022-04-22 21:15:54,952:INFO: - Found new best accuracy
2022-04-22 21:15:54,954:INFO: Epoch 5/5
2022-04-22 21:15:59,931:INFO: - Train metrics: accuracy: 0.877 ; loss: 0.244
2022-04-22 21:16:00,096:INFO: - Eval metrics : accuracy: 0.890 ; loss: 0.273
2022-04-22 21:17:14,351:INFO: Loading the datasets...
2022-04-22 21:17:14,396:INFO: - done.
2022-04-22 21:17:14,420:INFO: Starting training for 20 epoch(s)
2022-04-22 21:17:14,420:INFO: Epoch 1/20
2022-04-22 21:17:18,849:INFO: - Train metrics: accuracy: 0.717 ; loss: 0.615
2022-04-22 21:17:18,985:INFO: - Eval metrics : accuracy: 0.882 ; loss: 0.320
2022-04-22 21:17:19,009:INFO: - Found new best accuracy
2022-04-22 21:17:19,012:INFO: Epoch 2/20
2022-04-22 21:17:23,546:INFO: - Train metrics: accuracy: 0.865 ; loss: 0.322
2022-04-22 21:17:23,667:INFO: - Eval metrics : accuracy: 0.882 ; loss: 0.292
2022-04-22 21:17:23,691:INFO: - Found new best accuracy
2022-04-22 21:17:23,694:INFO: Epoch 3/20
2022-04-22 21:17:28,196:INFO: - Train metrics: accuracy: 0.865 ; loss: 0.289
2022-04-22 21:17:28,329:INFO: - Eval metrics : accuracy: 0.887 ; loss: 0.280
2022-04-22 21:17:28,360:INFO: - Found new best accuracy
2022-04-22 21:17:28,364:INFO: Epoch 4/20
2022-04-22 21:17:32,587:INFO: - Train metrics: accuracy: 0.871 ; loss: 0.266
2022-04-22 21:17:32,691:INFO: - Eval metrics : accuracy: 0.890 ; loss: 0.275
2022-04-22 21:17:32,820:INFO: - Found new best accuracy
2022-04-22 21:17:32,905:INFO: Epoch 5/20
2022-04-22 21:17:37,162:INFO: - Train metrics: accuracy: 0.877 ; loss: 0.244
2022-04-22 21:17:37,287:INFO: - Eval metrics : accuracy: 0.890 ; loss: 0.273
2022-04-22 21:17:37,306:INFO: Epoch 6/20
2022-04-22 21:17:41,678:INFO: - Train metrics: accuracy: 0.888 ; loss: 0.224
2022-04-22 21:17:41,800:INFO: - Eval metrics : accuracy: 0.888 ; loss: 0.275
2022-04-22 21:17:41,826:INFO: Epoch 7/20
2022-04-22 21:17:46,429:INFO: - Train metrics: accuracy: 0.901 ; loss: 0.205
2022-04-22 21:17:46,544:INFO: - Eval metrics : accuracy: 0.880 ; loss: 0.280
2022-04-22 21:17:46,569:INFO: Epoch 8/20
2022-04-22 21:17:51,260:INFO: - Train metrics: accuracy: 0.905 ; loss: 0.188
2022-04-22 21:17:51,357:INFO: - Eval metrics : accuracy: 0.879 ; loss: 0.288
2022-04-22 21:17:51,400:INFO: Epoch 9/20
2022-04-22 21:17:55,879:INFO: - Train metrics: accuracy: 0.917 ; loss: 0.171
2022-04-22 21:17:56,002:INFO: - Eval metrics : accuracy: 0.876 ; loss: 0.298
2022-04-22 21:17:56,009:INFO: Epoch 10/20
2022-04-22 21:18:00,313:INFO: - Train metrics: accuracy: 0.926 ; loss: 0.154
2022-04-22 21:18:00,430:INFO: - Eval metrics : accuracy: 0.874 ; loss: 0.312
2022-04-22 21:18:00,485:INFO: Epoch 11/20
2022-04-22 21:18:04,764:INFO: - Train metrics: accuracy: 0.935 ; loss: 0.137
2022-04-22 21:18:04,923:INFO: - Eval metrics : accuracy: 0.871 ; loss: 0.328
2022-04-22 21:18:04,937:INFO: Epoch 12/20
2022-04-22 21:18:09,375:INFO: - Train metrics: accuracy: 0.943 ; loss: 0.122
2022-04-22 21:18:09,522:INFO: - Eval metrics : accuracy: 0.870 ; loss: 0.348
2022-04-22 21:18:09,537:INFO: Epoch 13/20
2022-04-22 21:18:14,073:INFO: - Train metrics: accuracy: 0.949 ; loss: 0.107
2022-04-22 21:18:14,194:INFO: - Eval metrics : accuracy: 0.867 ; loss: 0.372
2022-04-22 21:18:14,208:INFO: Epoch 14/20
2022-04-22 21:18:18,651:INFO: - Train metrics: accuracy: 0.952 ; loss: 0.093
2022-04-22 21:18:18,797:INFO: - Eval metrics : accuracy: 0.858 ; loss: 0.403
2022-04-22 21:18:18,811:INFO: Epoch 15/20
2022-04-22 21:18:22,987:INFO: - Train metrics: accuracy: 0.961 ; loss: 0.083
2022-04-22 21:18:23,108:INFO: - Eval metrics : accuracy: 0.853 ; loss: 0.437
2022-04-22 21:18:23,124:INFO: Epoch 16/20
2022-04-22 21:18:27,467:INFO: - Train metrics: accuracy: 0.961 ; loss: 0.079
2022-04-22 21:18:27,596:INFO: - Eval metrics : accuracy: 0.849 ; loss: 0.471
2022-04-22 21:18:27,613:INFO: Epoch 17/20
2022-04-22 21:18:31,876:INFO: - Train metrics: accuracy: 0.961 ; loss: 0.071
2022-04-22 21:18:32,038:INFO: - Eval metrics : accuracy: 0.851 ; loss: 0.497
2022-04-22 21:18:32,055:INFO: Epoch 18/20
2022-04-22 21:18:37,006:INFO: - Train metrics: accuracy: 0.971 ; loss: 0.055
2022-04-22 21:18:37,311:INFO: - Eval metrics : accuracy: 0.857 ; loss: 0.517
2022-04-22 21:18:37,328:INFO: Epoch 19/20
2022-04-22 21:18:42,209:INFO: - Train metrics: accuracy: 0.990 ; loss: 0.043
2022-04-22 21:18:42,322:INFO: - Eval metrics : accuracy: 0.863 ; loss: 0.538
2022-04-22 21:18:42,347:INFO: Epoch 20/20
2022-04-22 21:18:46,676:INFO: - Train metrics: accuracy: 0.990 ; loss: 0.037
2022-04-22 21:18:46,815:INFO: - Eval metrics : accuracy: 0.864 ; loss: 0.564
2022-04-22 21:19:54,431:INFO: Loading the datasets...
2022-04-22 21:19:54,476:INFO: - done.
2022-04-22 21:19:54,482:INFO: Starting training for 35 epoch(s)
2022-04-22 21:19:54,482:INFO: Epoch 1/35
2022-04-22 21:19:58,410:INFO: - Train metrics: accuracy: 0.717 ; loss: 0.615
2022-04-22 21:19:58,536:INFO: - Eval metrics : accuracy: 0.882 ; loss: 0.320
2022-04-22 21:19:58,563:INFO: - Found new best accuracy
2022-04-22 21:19:58,566:INFO: Epoch 2/35
2022-04-22 21:20:02,532:INFO: - Train metrics: accuracy: 0.865 ; loss: 0.322
2022-04-22 21:20:02,642:INFO: - Eval metrics : accuracy: 0.882 ; loss: 0.292
2022-04-22 21:20:02,668:INFO: - Found new best accuracy
2022-04-22 21:20:02,671:INFO: Epoch 3/35
2022-04-22 21:20:06,570:INFO: - Train metrics: accuracy: 0.865 ; loss: 0.289
2022-04-22 21:20:06,672:INFO: - Eval metrics : accuracy: 0.887 ; loss: 0.280
2022-04-22 21:20:06,701:INFO: - Found new best accuracy
2022-04-22 21:20:06,703:INFO: Epoch 4/35
2022-04-22 21:20:10,654:INFO: - Train metrics: accuracy: 0.871 ; loss: 0.266
2022-04-22 21:20:10,804:INFO: - Eval metrics : accuracy: 0.890 ; loss: 0.275
2022-04-22 21:20:10,823:INFO: - Found new best accuracy
2022-04-22 21:20:10,826:INFO: Epoch 5/35
2022-04-22 21:20:14,711:INFO: - Train metrics: accuracy: 0.877 ; loss: 0.244
2022-04-22 21:20:14,830:INFO: - Eval metrics : accuracy: 0.890 ; loss: 0.273
2022-04-22 21:20:14,847:INFO: Epoch 6/35
2022-04-22 21:20:18,787:INFO: - Train metrics: accuracy: 0.888 ; loss: 0.224
2022-04-22 21:20:18,896:INFO: - Eval metrics : accuracy: 0.888 ; loss: 0.275
2022-04-22 21:20:18,909:INFO: Epoch 7/35
2022-04-22 21:20:22,777:INFO: - Train metrics: accuracy: 0.901 ; loss: 0.205
2022-04-22 21:20:22,873:INFO: - Eval metrics : accuracy: 0.880 ; loss: 0.280
2022-04-22 21:20:22,907:INFO: Epoch 8/35
2022-04-22 21:20:26,723:INFO: - Train metrics: accuracy: 0.905 ; loss: 0.188
2022-04-22 21:20:26,852:INFO: - Eval metrics : accuracy: 0.879 ; loss: 0.288
2022-04-22 21:20:26,880:INFO: Epoch 9/35
2022-04-22 21:20:30,780:INFO: - Train metrics: accuracy: 0.917 ; loss: 0.171
2022-04-22 21:20:30,882:INFO: - Eval metrics : accuracy: 0.876 ; loss: 0.298
2022-04-22 21:20:30,899:INFO: Epoch 10/35
2022-04-22 21:20:34,836:INFO: - Train metrics: accuracy: 0.926 ; loss: 0.154
2022-04-22 21:20:34,945:INFO: - Eval metrics : accuracy: 0.874 ; loss: 0.312
2022-04-22 21:20:34,962:INFO: Epoch 11/35
2022-04-22 21:20:38,943:INFO: - Train metrics: accuracy: 0.935 ; loss: 0.137
2022-04-22 21:20:39,056:INFO: - Eval metrics : accuracy: 0.871 ; loss: 0.328
2022-04-22 21:20:39,078:INFO: Epoch 12/35
2022-04-22 21:20:42,841:INFO: - Train metrics: accuracy: 0.943 ; loss: 0.122
2022-04-22 21:20:42,965:INFO: - Eval metrics : accuracy: 0.870 ; loss: 0.348
2022-04-22 21:20:42,983:INFO: Epoch 13/35
2022-04-22 21:20:46,902:INFO: - Train metrics: accuracy: 0.949 ; loss: 0.107
2022-04-22 21:20:47,016:INFO: - Eval metrics : accuracy: 0.867 ; loss: 0.372
2022-04-22 21:20:47,028:INFO: Epoch 14/35
2022-04-22 21:20:50,840:INFO: - Train metrics: accuracy: 0.952 ; loss: 0.093
2022-04-22 21:20:50,962:INFO: - Eval metrics : accuracy: 0.858 ; loss: 0.403
2022-04-22 21:20:50,975:INFO: Epoch 15/35
2022-04-22 21:20:54,954:INFO: - Train metrics: accuracy: 0.961 ; loss: 0.083
2022-04-22 21:20:55,058:INFO: - Eval metrics : accuracy: 0.853 ; loss: 0.437
2022-04-22 21:20:55,081:INFO: Epoch 16/35
2022-04-22 21:20:58,967:INFO: - Train metrics: accuracy: 0.961 ; loss: 0.079
2022-04-22 21:20:59,070:INFO: - Eval metrics : accuracy: 0.849 ; loss: 0.471
2022-04-22 21:20:59,089:INFO: Epoch 17/35
2022-04-22 21:21:02,999:INFO: - Train metrics: accuracy: 0.961 ; loss: 0.071
2022-04-22 21:21:03,100:INFO: - Eval metrics : accuracy: 0.851 ; loss: 0.497
2022-04-22 21:21:03,125:INFO: Epoch 18/35
2022-04-22 21:21:07,127:INFO: - Train metrics: accuracy: 0.971 ; loss: 0.055
2022-04-22 21:21:07,229:INFO: - Eval metrics : accuracy: 0.857 ; loss: 0.517
2022-04-22 21:21:07,252:INFO: Epoch 19/35
2022-04-22 21:21:11,181:INFO: - Train metrics: accuracy: 0.990 ; loss: 0.043
2022-04-22 21:21:11,292:INFO: - Eval metrics : accuracy: 0.863 ; loss: 0.538
2022-04-22 21:21:11,320:INFO: Epoch 20/35
2022-04-22 21:21:15,130:INFO: - Train metrics: accuracy: 0.990 ; loss: 0.037
2022-04-22 21:21:15,238:INFO: - Eval metrics : accuracy: 0.864 ; loss: 0.564
2022-04-22 21:21:15,261:INFO: Epoch 21/35
2022-04-22 21:21:19,163:INFO: - Train metrics: accuracy: 0.990 ; loss: 0.033
2022-04-22 21:21:19,268:INFO: - Eval metrics : accuracy: 0.864 ; loss: 0.590
2022-04-22 21:21:19,292:INFO: Epoch 22/35
2022-04-22 21:21:23,248:INFO: - Train metrics: accuracy: 0.991 ; loss: 0.027
2022-04-22 21:21:23,363:INFO: - Eval metrics : accuracy: 0.868 ; loss: 0.606
2022-04-22 21:21:23,383:INFO: Epoch 23/35
2022-04-22 21:21:27,306:INFO: - Train metrics: accuracy: 0.994 ; loss: 0.024
2022-04-22 21:21:27,410:INFO: - Eval metrics : accuracy: 0.867 ; loss: 0.632
2022-04-22 21:21:27,428:INFO: Epoch 24/35
2022-04-22 21:21:31,282:INFO: - Train metrics: accuracy: 0.994 ; loss: 0.020
2022-04-22 21:21:31,389:INFO: - Eval metrics : accuracy: 0.858 ; loss: 0.670
2022-04-22 21:21:31,412:INFO: Epoch 25/35
2022-04-22 21:21:35,326:INFO: - Train metrics: accuracy: 0.994 ; loss: 0.017
2022-04-22 21:21:35,433:INFO: - Eval metrics : accuracy: 0.858 ; loss: 0.699
2022-04-22 21:21:35,446:INFO: Epoch 26/35
2022-04-22 21:21:39,340:INFO: - Train metrics: accuracy: 0.994 ; loss: 0.016
2022-04-22 21:21:39,455:INFO: - Eval metrics : accuracy: 0.863 ; loss: 0.721
2022-04-22 21:21:39,467:INFO: Epoch 27/35
2022-04-22 21:21:43,395:INFO: - Train metrics: accuracy: 0.994 ; loss: 0.015
2022-04-22 21:21:43,509:INFO: - Eval metrics : accuracy: 0.863 ; loss: 0.741
2022-04-22 21:21:43,521:INFO: Epoch 28/35
2022-04-22 21:21:47,352:INFO: - Train metrics: accuracy: 0.994 ; loss: 0.014
2022-04-22 21:21:47,455:INFO: - Eval metrics : accuracy: 0.861 ; loss: 0.763
2022-04-22 21:21:47,469:INFO: Epoch 29/35
2022-04-22 21:21:51,428:INFO: - Train metrics: accuracy: 0.994 ; loss: 0.013
2022-04-22 21:21:51,538:INFO: - Eval metrics : accuracy: 0.860 ; loss: 0.782
2022-04-22 21:21:51,561:INFO: Epoch 30/35
2022-04-22 21:21:55,461:INFO: - Train metrics: accuracy: 0.994 ; loss: 0.012
2022-04-22 21:21:55,565:INFO: - Eval metrics : accuracy: 0.858 ; loss: 0.804
2022-04-22 21:21:55,587:INFO: Epoch 31/35
2022-04-22 21:21:59,567:INFO: - Train metrics: accuracy: 0.994 ; loss: 0.012
2022-04-22 21:21:59,678:INFO: - Eval metrics : accuracy: 0.861 ; loss: 0.812
2022-04-22 21:21:59,698:INFO: Epoch 32/35
2022-04-22 21:22:03,562:INFO: - Train metrics: accuracy: 0.994 ; loss: 0.012
2022-04-22 21:22:03,673:INFO: - Eval metrics : accuracy: 0.864 ; loss: 0.824
2022-04-22 21:22:03,697:INFO: Epoch 33/35
2022-04-22 21:22:07,623:INFO: - Train metrics: accuracy: 0.994 ; loss: 0.012
2022-04-22 21:22:07,735:INFO: - Eval metrics : accuracy: 0.866 ; loss: 0.838
2022-04-22 21:22:07,755:INFO: Epoch 34/35
2022-04-22 21:22:11,666:INFO: - Train metrics: accuracy: 0.994 ; loss: 0.011
2022-04-22 21:22:11,784:INFO: - Eval metrics : accuracy: 0.863 ; loss: 0.845
2022-04-22 21:22:11,796:INFO: Epoch 35/35
2022-04-22 21:22:15,686:INFO: - Train metrics: accuracy: 0.994 ; loss: 0.011
2022-04-22 21:22:15,794:INFO: - Eval metrics : accuracy: 0.859 ; loss: 0.857
2022-04-22 21:23:49,481:INFO: Loading the datasets...
2022-04-22 21:23:49,521:INFO: - done.
2022-04-22 21:23:49,525:INFO: Starting training for 2 epoch(s)
2022-04-22 21:23:49,526:INFO: Epoch 1/2
2022-04-22 21:23:53,436:INFO: - Train metrics: accuracy: 0.717 ; loss: 0.615
2022-04-22 21:23:53,548:INFO: - Eval metrics : accuracy: 0.882 ; loss: 0.320
2022-04-22 21:23:53,573:INFO: - Found new best accuracy
2022-04-22 21:23:53,575:INFO: Epoch 2/2
2022-04-22 21:23:57,553:INFO: - Train metrics: accuracy: 0.865 ; loss: 0.322
2022-04-22 21:23:57,660:INFO: - Eval metrics : accuracy: 0.882 ; loss: 0.292
2022-04-22 21:23:57,688:INFO: - Found new best accuracy
2022-04-22 21:24:43,053:INFO: Loading the datasets...
2022-04-22 21:24:43,089:INFO: - done.
2022-04-22 21:24:43,094:INFO: Starting training for 3 epoch(s)
2022-04-22 21:24:43,095:INFO: Epoch 1/3
2022-04-22 21:24:46,958:INFO: - Train metrics: accuracy: 0.717 ; loss: 0.615
2022-04-22 21:24:47,062:INFO: - Eval metrics : accuracy: 0.882 ; loss: 0.320
2022-04-22 21:24:47,090:INFO: - Found new best accuracy
2022-04-22 21:24:47,092:INFO: Epoch 2/3
2022-04-22 21:24:51,016:INFO: - Train metrics: accuracy: 0.865 ; loss: 0.322
2022-04-22 21:24:51,124:INFO: - Eval metrics : accuracy: 0.882 ; loss: 0.292
2022-04-22 21:24:51,147:INFO: - Found new best accuracy
2022-04-22 21:24:51,149:INFO: Epoch 3/3
2022-04-22 21:24:55,136:INFO: - Train metrics: accuracy: 0.865 ; loss: 0.289
2022-04-22 21:24:55,253:INFO: - Eval metrics : accuracy: 0.887 ; loss: 0.280
2022-04-22 21:24:55,282:INFO: - Found new best accuracy
2022-04-22 21:25:38,566:INFO: Loading the datasets...
2022-04-22 21:25:38,609:INFO: - done.
2022-04-22 21:25:38,615:INFO: Starting training for 5 epoch(s)
2022-04-22 21:25:38,615:INFO: Epoch 1/5
2022-04-22 21:25:42,478:INFO: - Train metrics: accuracy: 0.717 ; loss: 0.615
2022-04-22 21:25:42,591:INFO: - Eval metrics : accuracy: 0.882 ; loss: 0.320
2022-04-22 21:25:42,610:INFO: - Found new best accuracy
2022-04-22 21:25:42,616:INFO: Epoch 2/5
2022-04-22 21:25:46,584:INFO: - Train metrics: accuracy: 0.865 ; loss: 0.322
2022-04-22 21:25:46,702:INFO: - Eval metrics : accuracy: 0.882 ; loss: 0.292
2022-04-22 21:25:46,718:INFO: - Found new best accuracy
2022-04-22 21:25:46,720:INFO: Epoch 3/5
2022-04-22 21:25:50,595:INFO: - Train metrics: accuracy: 0.865 ; loss: 0.289
2022-04-22 21:25:50,699:INFO: - Eval metrics : accuracy: 0.887 ; loss: 0.280
2022-04-22 21:25:50,721:INFO: - Found new best accuracy
2022-04-22 21:25:50,723:INFO: Epoch 4/5
2022-04-22 21:25:54,588:INFO: - Train metrics: accuracy: 0.871 ; loss: 0.266
2022-04-22 21:25:54,729:INFO: - Eval metrics : accuracy: 0.890 ; loss: 0.275
2022-04-22 21:25:54,754:INFO: - Found new best accuracy
2022-04-22 21:25:54,756:INFO: Epoch 5/5
2022-04-22 21:25:58,649:INFO: - Train metrics: accuracy: 0.877 ; loss: 0.244
2022-04-22 21:25:58,757:INFO: - Eval metrics : accuracy: 0.890 ; loss: 0.273
2022-04-22 21:26:41,860:INFO: Loading the datasets...
2022-04-22 21:26:41,901:INFO: - done.
2022-04-22 21:26:41,906:INFO: Starting training for 10 epoch(s)
2022-04-22 21:26:41,906:INFO: Epoch 1/10
2022-04-22 21:26:45,750:INFO: - Train metrics: accuracy: 0.717 ; loss: 0.615
2022-04-22 21:26:45,843:INFO: - Eval metrics : accuracy: 0.882 ; loss: 0.320
2022-04-22 21:26:45,876:INFO: - Found new best accuracy
2022-04-22 21:26:45,879:INFO: Epoch 2/10
2022-04-22 21:26:49,808:INFO: - Train metrics: accuracy: 0.865 ; loss: 0.322
2022-04-22 21:26:49,921:INFO: - Eval metrics : accuracy: 0.882 ; loss: 0.292
2022-04-22 21:26:49,946:INFO: - Found new best accuracy
2022-04-22 21:26:49,949:INFO: Epoch 3/10
2022-04-22 21:26:53,725:INFO: - Train metrics: accuracy: 0.865 ; loss: 0.289
2022-04-22 21:26:53,836:INFO: - Eval metrics : accuracy: 0.887 ; loss: 0.280
2022-04-22 21:26:53,866:INFO: - Found new best accuracy
2022-04-22 21:26:53,869:INFO: Epoch 4/10
2022-04-22 21:26:57,689:INFO: - Train metrics: accuracy: 0.871 ; loss: 0.266
2022-04-22 21:26:57,811:INFO: - Eval metrics : accuracy: 0.890 ; loss: 0.275
2022-04-22 21:26:57,824:INFO: - Found new best accuracy
2022-04-22 21:26:57,831:INFO: Epoch 5/10
2022-04-22 21:27:01,737:INFO: - Train metrics: accuracy: 0.877 ; loss: 0.244
2022-04-22 21:27:01,846:INFO: - Eval metrics : accuracy: 0.890 ; loss: 0.273
2022-04-22 21:27:01,858:INFO: Epoch 6/10
2022-04-22 21:27:05,833:INFO: - Train metrics: accuracy: 0.888 ; loss: 0.224
2022-04-22 21:27:05,943:INFO: - Eval metrics : accuracy: 0.888 ; loss: 0.275
2022-04-22 21:27:05,961:INFO: Epoch 7/10
2022-04-22 21:27:09,857:INFO: - Train metrics: accuracy: 0.901 ; loss: 0.205
2022-04-22 21:27:09,970:INFO: - Eval metrics : accuracy: 0.880 ; loss: 0.280
2022-04-22 21:27:09,997:INFO: Epoch 8/10
2022-04-22 21:27:13,823:INFO: - Train metrics: accuracy: 0.905 ; loss: 0.188
2022-04-22 21:27:13,951:INFO: - Eval metrics : accuracy: 0.879 ; loss: 0.288
2022-04-22 21:27:13,964:INFO: Epoch 9/10
2022-04-22 21:27:17,823:INFO: - Train metrics: accuracy: 0.917 ; loss: 0.171
2022-04-22 21:27:17,929:INFO: - Eval metrics : accuracy: 0.876 ; loss: 0.298
2022-04-22 21:27:17,952:INFO: Epoch 10/10
2022-04-22 21:27:21,803:INFO: - Train metrics: accuracy: 0.926 ; loss: 0.154
2022-04-22 21:27:21,909:INFO: - Eval metrics : accuracy: 0.874 ; loss: 0.312
2022-04-22 21:27:58,011:INFO: Loading the datasets...
2022-04-22 21:27:58,051:INFO: - done.
2022-04-22 21:27:58,056:INFO: Starting training for 20 epoch(s)
2022-04-22 21:27:58,057:INFO: Epoch 1/20
2022-04-22 21:28:02,213:INFO: - Train metrics: accuracy: 0.717 ; loss: 0.615
2022-04-22 21:28:02,318:INFO: - Eval metrics : accuracy: 0.882 ; loss: 0.320
2022-04-22 21:28:02,346:INFO: - Found new best accuracy
2022-04-22 21:28:02,348:INFO: Epoch 2/20
2022-04-22 21:28:06,259:INFO: - Train metrics: accuracy: 0.865 ; loss: 0.322
2022-04-22 21:28:06,365:INFO: - Eval metrics : accuracy: 0.882 ; loss: 0.292
2022-04-22 21:28:06,390:INFO: - Found new best accuracy
2022-04-22 21:28:06,393:INFO: Epoch 3/20
2022-04-22 21:28:10,273:INFO: - Train metrics: accuracy: 0.865 ; loss: 0.289
2022-04-22 21:28:10,392:INFO: - Eval metrics : accuracy: 0.887 ; loss: 0.280
2022-04-22 21:28:10,416:INFO: - Found new best accuracy
2022-04-22 21:28:10,418:INFO: Epoch 4/20
2022-04-22 21:28:14,271:INFO: - Train metrics: accuracy: 0.871 ; loss: 0.266
2022-04-22 21:28:14,421:INFO: - Eval metrics : accuracy: 0.890 ; loss: 0.275
2022-04-22 21:28:14,441:INFO: - Found new best accuracy
2022-04-22 21:28:14,444:INFO: Epoch 5/20
2022-04-22 21:28:18,306:INFO: - Train metrics: accuracy: 0.877 ; loss: 0.244
2022-04-22 21:28:18,419:INFO: - Eval metrics : accuracy: 0.890 ; loss: 0.273
2022-04-22 21:28:18,437:INFO: Epoch 6/20
2022-04-22 21:28:22,410:INFO: - Train metrics: accuracy: 0.888 ; loss: 0.224
2022-04-22 21:28:22,528:INFO: - Eval metrics : accuracy: 0.888 ; loss: 0.275
2022-04-22 21:28:22,541:INFO: Epoch 7/20
2022-04-22 21:28:26,404:INFO: - Train metrics: accuracy: 0.901 ; loss: 0.205
2022-04-22 21:28:26,517:INFO: - Eval metrics : accuracy: 0.880 ; loss: 0.280
2022-04-22 21:28:26,538:INFO: Epoch 8/20
2022-04-22 21:28:30,593:INFO: - Train metrics: accuracy: 0.905 ; loss: 0.188
2022-04-22 21:28:30,741:INFO: - Eval metrics : accuracy: 0.879 ; loss: 0.288
2022-04-22 21:28:30,757:INFO: Epoch 9/20
2022-04-22 21:28:34,563:INFO: - Train metrics: accuracy: 0.917 ; loss: 0.171
2022-04-22 21:28:34,670:INFO: - Eval metrics : accuracy: 0.876 ; loss: 0.298
2022-04-22 21:28:34,691:INFO: Epoch 10/20
2022-04-22 21:28:38,699:INFO: - Train metrics: accuracy: 0.926 ; loss: 0.154
2022-04-22 21:28:38,816:INFO: - Eval metrics : accuracy: 0.874 ; loss: 0.312
2022-04-22 21:28:38,838:INFO: Epoch 11/20
2022-04-22 21:28:42,670:INFO: - Train metrics: accuracy: 0.935 ; loss: 0.137
2022-04-22 21:28:42,779:INFO: - Eval metrics : accuracy: 0.871 ; loss: 0.328
2022-04-22 21:28:42,798:INFO: Epoch 12/20
2022-04-22 21:28:46,555:INFO: - Train metrics: accuracy: 0.943 ; loss: 0.122
2022-04-22 21:28:46,683:INFO: - Eval metrics : accuracy: 0.870 ; loss: 0.348
2022-04-22 21:28:46,710:INFO: Epoch 13/20
2022-04-22 21:28:50,640:INFO: - Train metrics: accuracy: 0.949 ; loss: 0.107
2022-04-22 21:28:50,755:INFO: - Eval metrics : accuracy: 0.867 ; loss: 0.372
2022-04-22 21:28:50,767:INFO: Epoch 14/20
2022-04-22 21:28:54,647:INFO: - Train metrics: accuracy: 0.952 ; loss: 0.093
2022-04-22 21:28:54,750:INFO: - Eval metrics : accuracy: 0.858 ; loss: 0.403
2022-04-22 21:28:54,773:INFO: Epoch 15/20
2022-04-22 21:28:58,664:INFO: - Train metrics: accuracy: 0.961 ; loss: 0.083
2022-04-22 21:28:58,762:INFO: - Eval metrics : accuracy: 0.853 ; loss: 0.437
2022-04-22 21:28:58,788:INFO: Epoch 16/20
2022-04-22 21:29:02,561:INFO: - Train metrics: accuracy: 0.961 ; loss: 0.079
2022-04-22 21:29:02,676:INFO: - Eval metrics : accuracy: 0.849 ; loss: 0.471
2022-04-22 21:29:02,697:INFO: Epoch 17/20
2022-04-22 21:29:06,634:INFO: - Train metrics: accuracy: 0.961 ; loss: 0.071
2022-04-22 21:29:06,755:INFO: - Eval metrics : accuracy: 0.851 ; loss: 0.497
2022-04-22 21:29:06,768:INFO: Epoch 18/20
2022-04-22 21:29:10,665:INFO: - Train metrics: accuracy: 0.971 ; loss: 0.055
2022-04-22 21:29:10,767:INFO: - Eval metrics : accuracy: 0.857 ; loss: 0.517
2022-04-22 21:29:10,791:INFO: Epoch 19/20
2022-04-22 21:29:14,716:INFO: - Train metrics: accuracy: 0.990 ; loss: 0.043
2022-04-22 21:29:14,830:INFO: - Eval metrics : accuracy: 0.863 ; loss: 0.538
2022-04-22 21:29:14,852:INFO: Epoch 20/20
2022-04-22 21:29:18,658:INFO: - Train metrics: accuracy: 0.990 ; loss: 0.037
2022-04-22 21:29:18,760:INFO: - Eval metrics : accuracy: 0.864 ; loss: 0.564
2022-04-22 21:30:18,683:INFO: Loading the datasets...
2022-04-22 21:30:18,725:INFO: - done.
2022-04-22 21:30:18,730:INFO: Starting training for 35 epoch(s)
2022-04-22 21:30:18,731:INFO: Epoch 1/35
2022-04-22 21:30:22,544:INFO: - Train metrics: accuracy: 0.717 ; loss: 0.615
2022-04-22 21:30:22,647:INFO: - Eval metrics : accuracy: 0.882 ; loss: 0.320
2022-04-22 21:30:22,673:INFO: - Found new best accuracy
2022-04-22 21:30:22,677:INFO: Epoch 2/35
2022-04-22 21:30:26,626:INFO: - Train metrics: accuracy: 0.865 ; loss: 0.322
2022-04-22 21:30:26,726:INFO: - Eval metrics : accuracy: 0.882 ; loss: 0.292
2022-04-22 21:30:26,760:INFO: - Found new best accuracy
2022-04-22 21:30:26,763:INFO: Epoch 3/35
2022-04-22 21:30:30,686:INFO: - Train metrics: accuracy: 0.865 ; loss: 0.289
2022-04-22 21:30:30,789:INFO: - Eval metrics : accuracy: 0.887 ; loss: 0.280
2022-04-22 21:30:30,805:INFO: - Found new best accuracy
2022-04-22 21:30:30,819:INFO: Epoch 4/35
2022-04-22 21:30:34,707:INFO: - Train metrics: accuracy: 0.871 ; loss: 0.266
2022-04-22 21:30:34,836:INFO: - Eval metrics : accuracy: 0.890 ; loss: 0.275
2022-04-22 21:30:34,864:INFO: - Found new best accuracy
2022-04-22 21:30:34,866:INFO: Epoch 5/35
2022-04-22 21:30:38,733:INFO: - Train metrics: accuracy: 0.877 ; loss: 0.244
2022-04-22 21:30:38,850:INFO: - Eval metrics : accuracy: 0.890 ; loss: 0.273
2022-04-22 21:30:38,854:INFO: Epoch 6/35
2022-04-22 21:30:42,709:INFO: - Train metrics: accuracy: 0.888 ; loss: 0.224
2022-04-22 21:30:42,810:INFO: - Eval metrics : accuracy: 0.888 ; loss: 0.275
2022-04-22 21:30:42,825:INFO: Epoch 7/35
2022-04-22 21:30:46,689:INFO: - Train metrics: accuracy: 0.901 ; loss: 0.205
2022-04-22 21:30:46,794:INFO: - Eval metrics : accuracy: 0.880 ; loss: 0.280
2022-04-22 21:30:46,805:INFO: Epoch 8/35
2022-04-22 21:30:50,558:INFO: - Train metrics: accuracy: 0.905 ; loss: 0.188
2022-04-22 21:30:50,653:INFO: - Eval metrics : accuracy: 0.879 ; loss: 0.288
2022-04-22 21:30:50,677:INFO: Epoch 9/35
2022-04-22 21:30:54,604:INFO: - Train metrics: accuracy: 0.917 ; loss: 0.171
2022-04-22 21:30:54,715:INFO: - Eval metrics : accuracy: 0.876 ; loss: 0.298
2022-04-22 21:30:54,741:INFO: Epoch 10/35
2022-04-22 21:30:58,588:INFO: - Train metrics: accuracy: 0.926 ; loss: 0.154
2022-04-22 21:30:58,695:INFO: - Eval metrics : accuracy: 0.874 ; loss: 0.312
2022-04-22 21:30:58,711:INFO: Epoch 11/35
2022-04-22 21:31:02,660:INFO: - Train metrics: accuracy: 0.935 ; loss: 0.137
2022-04-22 21:31:02,774:INFO: - Eval metrics : accuracy: 0.871 ; loss: 0.328
2022-04-22 21:31:02,791:INFO: Epoch 12/35
2022-04-22 21:31:06,648:INFO: - Train metrics: accuracy: 0.943 ; loss: 0.122
2022-04-22 21:31:06,754:INFO: - Eval metrics : accuracy: 0.870 ; loss: 0.348
2022-04-22 21:31:06,774:INFO: Epoch 13/35
2022-04-22 21:31:10,761:INFO: - Train metrics: accuracy: 0.949 ; loss: 0.107
2022-04-22 21:31:10,882:INFO: - Eval metrics : accuracy: 0.867 ; loss: 0.372
2022-04-22 21:31:10,907:INFO: Epoch 14/35
2022-04-22 21:31:15,154:INFO: - Train metrics: accuracy: 0.952 ; loss: 0.093
2022-04-22 21:31:15,279:INFO: - Eval metrics : accuracy: 0.858 ; loss: 0.403
2022-04-22 21:31:15,306:INFO: Epoch 15/35
2022-04-22 21:31:19,755:INFO: - Train metrics: accuracy: 0.961 ; loss: 0.083
2022-04-22 21:31:19,873:INFO: - Eval metrics : accuracy: 0.853 ; loss: 0.437
2022-04-22 21:31:19,892:INFO: Epoch 16/35
2022-04-22 21:31:23,733:INFO: - Train metrics: accuracy: 0.961 ; loss: 0.079
2022-04-22 21:31:23,852:INFO: - Eval metrics : accuracy: 0.849 ; loss: 0.471
2022-04-22 21:31:23,865:INFO: Epoch 17/35
2022-04-22 21:31:27,569:INFO: - Train metrics: accuracy: 0.961 ; loss: 0.071
2022-04-22 21:31:27,694:INFO: - Eval metrics : accuracy: 0.851 ; loss: 0.497
2022-04-22 21:31:27,707:INFO: Epoch 18/35
2022-04-22 21:31:31,569:INFO: - Train metrics: accuracy: 0.971 ; loss: 0.055
2022-04-22 21:31:31,678:INFO: - Eval metrics : accuracy: 0.857 ; loss: 0.517
2022-04-22 21:31:31,694:INFO: Epoch 19/35
2022-04-22 21:31:35,552:INFO: - Train metrics: accuracy: 0.990 ; loss: 0.043
2022-04-22 21:31:35,658:INFO: - Eval metrics : accuracy: 0.863 ; loss: 0.538
2022-04-22 21:31:35,674:INFO: Epoch 20/35
2022-04-22 21:31:39,482:INFO: - Train metrics: accuracy: 0.990 ; loss: 0.037
2022-04-22 21:31:39,605:INFO: - Eval metrics : accuracy: 0.864 ; loss: 0.564
2022-04-22 21:31:39,637:INFO: Epoch 21/35
2022-04-22 21:31:43,450:INFO: - Train metrics: accuracy: 0.990 ; loss: 0.033
2022-04-22 21:31:43,557:INFO: - Eval metrics : accuracy: 0.864 ; loss: 0.590
2022-04-22 21:31:43,570:INFO: Epoch 22/35
2022-04-22 21:31:47,358:INFO: - Train metrics: accuracy: 0.991 ; loss: 0.027
2022-04-22 21:31:47,462:INFO: - Eval metrics : accuracy: 0.868 ; loss: 0.606
2022-04-22 21:31:47,481:INFO: Epoch 23/35
2022-04-22 21:31:51,337:INFO: - Train metrics: accuracy: 0.994 ; loss: 0.024
2022-04-22 21:31:51,442:INFO: - Eval metrics : accuracy: 0.867 ; loss: 0.632
2022-04-22 21:31:51,474:INFO: Epoch 24/35
2022-04-22 21:31:55,195:INFO: - Train metrics: accuracy: 0.994 ; loss: 0.020
2022-04-22 21:31:55,306:INFO: - Eval metrics : accuracy: 0.858 ; loss: 0.670
2022-04-22 21:31:55,323:INFO: Epoch 25/35
2022-04-22 21:31:59,228:INFO: - Train metrics: accuracy: 0.994 ; loss: 0.017
2022-04-22 21:31:59,335:INFO: - Eval metrics : accuracy: 0.858 ; loss: 0.699
2022-04-22 21:31:59,349:INFO: Epoch 26/35
2022-04-22 21:32:03,180:INFO: - Train metrics: accuracy: 0.994 ; loss: 0.016
2022-04-22 21:32:03,297:INFO: - Eval metrics : accuracy: 0.863 ; loss: 0.721
2022-04-22 21:32:03,313:INFO: Epoch 27/35
2022-04-22 21:32:07,153:INFO: - Train metrics: accuracy: 0.994 ; loss: 0.015
2022-04-22 21:32:07,261:INFO: - Eval metrics : accuracy: 0.863 ; loss: 0.741
2022-04-22 21:32:07,283:INFO: Epoch 28/35
2022-04-22 21:32:11,073:INFO: - Train metrics: accuracy: 0.994 ; loss: 0.014
2022-04-22 21:32:11,173:INFO: - Eval metrics : accuracy: 0.861 ; loss: 0.763
2022-04-22 21:32:11,203:INFO: Epoch 29/35
2022-04-22 21:32:15,077:INFO: - Train metrics: accuracy: 0.994 ; loss: 0.013
2022-04-22 21:32:15,170:INFO: - Eval metrics : accuracy: 0.860 ; loss: 0.782
2022-04-22 21:32:15,196:INFO: Epoch 30/35
2022-04-22 21:32:19,020:INFO: - Train metrics: accuracy: 0.994 ; loss: 0.012
2022-04-22 21:32:19,132:INFO: - Eval metrics : accuracy: 0.858 ; loss: 0.804
2022-04-22 21:32:19,155:INFO: Epoch 31/35
2022-04-22 21:32:22,936:INFO: - Train metrics: accuracy: 0.994 ; loss: 0.012
2022-04-22 21:32:23,075:INFO: - Eval metrics : accuracy: 0.861 ; loss: 0.812
2022-04-22 21:32:23,087:INFO: Epoch 32/35
2022-04-22 21:32:26,860:INFO: - Train metrics: accuracy: 0.994 ; loss: 0.012
2022-04-22 21:32:26,957:INFO: - Eval metrics : accuracy: 0.864 ; loss: 0.824
2022-04-22 21:32:26,977:INFO: Epoch 33/35
2022-04-22 21:32:30,851:INFO: - Train metrics: accuracy: 0.994 ; loss: 0.012
2022-04-22 21:32:30,954:INFO: - Eval metrics : accuracy: 0.866 ; loss: 0.838
2022-04-22 21:32:30,970:INFO: Epoch 34/35
2022-04-22 21:32:34,848:INFO: - Train metrics: accuracy: 0.994 ; loss: 0.011
2022-04-22 21:32:34,965:INFO: - Eval metrics : accuracy: 0.863 ; loss: 0.845
2022-04-22 21:32:34,979:INFO: Epoch 35/35
2022-04-22 21:32:38,710:INFO: - Train metrics: accuracy: 0.994 ; loss: 0.011
2022-04-22 21:32:38,812:INFO: - Eval metrics : accuracy: 0.859 ; loss: 0.857
2022-04-22 21:33:19,127:INFO: Loading the datasets...
2022-04-22 21:33:19,170:INFO: - done.
2022-04-22 21:33:19,175:INFO: Starting training for 50 epoch(s)
2022-04-22 21:33:19,176:INFO: Epoch 1/50
2022-04-22 21:33:23,509:INFO: - Train metrics: accuracy: 0.717 ; loss: 0.615
2022-04-22 21:33:23,630:INFO: - Eval metrics : accuracy: 0.882 ; loss: 0.320
2022-04-22 21:33:23,637:INFO: - Found new best accuracy
2022-04-22 21:33:23,651:INFO: Epoch 2/50
2022-04-22 21:33:27,633:INFO: - Train metrics: accuracy: 0.865 ; loss: 0.322
2022-04-22 21:33:27,747:INFO: - Eval metrics : accuracy: 0.882 ; loss: 0.292
2022-04-22 21:33:27,768:INFO: - Found new best accuracy
2022-04-22 21:33:27,778:INFO: Epoch 3/50
2022-04-22 21:33:32,635:INFO: - Train metrics: accuracy: 0.865 ; loss: 0.289
2022-04-22 21:33:32,817:INFO: - Eval metrics : accuracy: 0.887 ; loss: 0.280
2022-04-22 21:33:32,853:INFO: - Found new best accuracy
2022-04-22 21:33:32,857:INFO: Epoch 4/50
2022-04-22 21:33:38,013:INFO: - Train metrics: accuracy: 0.871 ; loss: 0.266
2022-04-22 21:33:38,172:INFO: - Eval metrics : accuracy: 0.890 ; loss: 0.275
2022-04-22 21:33:38,211:INFO: - Found new best accuracy
2022-04-22 21:33:38,216:INFO: Epoch 5/50
2022-04-22 21:33:43,560:INFO: - Train metrics: accuracy: 0.877 ; loss: 0.244
2022-04-22 21:33:43,736:INFO: - Eval metrics : accuracy: 0.890 ; loss: 0.273
2022-04-22 21:33:43,759:INFO: Epoch 6/50
2022-04-22 21:33:49,325:INFO: - Train metrics: accuracy: 0.888 ; loss: 0.224
2022-04-22 21:33:49,458:INFO: - Eval metrics : accuracy: 0.888 ; loss: 0.275
2022-04-22 21:33:49,479:INFO: Epoch 7/50
2022-04-22 21:33:55,098:INFO: - Train metrics: accuracy: 0.901 ; loss: 0.205
2022-04-22 21:33:55,269:INFO: - Eval metrics : accuracy: 0.880 ; loss: 0.280
2022-04-22 21:33:55,283:INFO: Epoch 8/50
2022-04-22 21:34:00,528:INFO: - Train metrics: accuracy: 0.905 ; loss: 0.188
2022-04-22 21:34:00,663:INFO: - Eval metrics : accuracy: 0.879 ; loss: 0.288
2022-04-22 21:34:00,694:INFO: Epoch 9/50
2022-04-22 21:34:06,151:INFO: - Train metrics: accuracy: 0.917 ; loss: 0.171
2022-04-22 21:34:06,331:INFO: - Eval metrics : accuracy: 0.876 ; loss: 0.298
2022-04-22 21:34:06,349:INFO: Epoch 10/50
2022-04-22 21:34:11,208:INFO: - Train metrics: accuracy: 0.926 ; loss: 0.154
2022-04-22 21:34:11,322:INFO: - Eval metrics : accuracy: 0.874 ; loss: 0.312
2022-04-22 21:34:11,345:INFO: Epoch 11/50
2022-04-22 21:34:16,186:INFO: - Train metrics: accuracy: 0.935 ; loss: 0.137
2022-04-22 21:34:16,413:INFO: - Eval metrics : accuracy: 0.871 ; loss: 0.328
2022-04-22 21:34:16,416:INFO: Epoch 12/50
2022-04-22 21:34:21,504:INFO: - Train metrics: accuracy: 0.943 ; loss: 0.122
2022-04-22 21:34:21,676:INFO: - Eval metrics : accuracy: 0.870 ; loss: 0.348
2022-04-22 21:34:21,708:INFO: Epoch 13/50
2022-04-22 21:34:27,021:INFO: - Train metrics: accuracy: 0.949 ; loss: 0.107
2022-04-22 21:34:27,167:INFO: - Eval metrics : accuracy: 0.867 ; loss: 0.372
2022-04-22 21:34:27,196:INFO: Epoch 14/50
2022-04-22 21:34:32,946:INFO: - Train metrics: accuracy: 0.952 ; loss: 0.093
2022-04-22 21:34:33,109:INFO: - Eval metrics : accuracy: 0.858 ; loss: 0.403
2022-04-22 21:34:33,121:INFO: Epoch 15/50
2022-04-22 21:34:38,031:INFO: - Train metrics: accuracy: 0.961 ; loss: 0.083
2022-04-22 21:34:38,143:INFO: - Eval metrics : accuracy: 0.853 ; loss: 0.437
2022-04-22 21:34:38,155:INFO: Epoch 16/50
2022-04-22 21:34:42,326:INFO: - Train metrics: accuracy: 0.961 ; loss: 0.079
2022-04-22 21:34:42,439:INFO: - Eval metrics : accuracy: 0.849 ; loss: 0.471
2022-04-22 21:34:42,463:INFO: Epoch 17/50
2022-04-22 21:34:47,318:INFO: - Train metrics: accuracy: 0.961 ; loss: 0.071
2022-04-22 21:34:47,456:INFO: - Eval metrics : accuracy: 0.851 ; loss: 0.497
2022-04-22 21:34:47,468:INFO: Epoch 18/50
2022-04-22 21:34:52,109:INFO: - Train metrics: accuracy: 0.971 ; loss: 0.055
2022-04-22 21:34:52,255:INFO: - Eval metrics : accuracy: 0.857 ; loss: 0.517
2022-04-22 21:34:52,268:INFO: Epoch 19/50
2022-04-22 21:34:56,522:INFO: - Train metrics: accuracy: 0.990 ; loss: 0.043
2022-04-22 21:34:56,626:INFO: - Eval metrics : accuracy: 0.863 ; loss: 0.538
2022-04-22 21:34:56,653:INFO: Epoch 20/50
2022-04-22 21:35:00,521:INFO: - Train metrics: accuracy: 0.990 ; loss: 0.037
2022-04-22 21:35:00,622:INFO: - Eval metrics : accuracy: 0.864 ; loss: 0.564
2022-04-22 21:35:00,648:INFO: Epoch 21/50
2022-04-22 21:35:04,778:INFO: - Train metrics: accuracy: 0.990 ; loss: 0.033
2022-04-22 21:35:04,899:INFO: - Eval metrics : accuracy: 0.864 ; loss: 0.590
2022-04-22 21:35:04,912:INFO: Epoch 22/50
2022-04-22 21:35:08,837:INFO: - Train metrics: accuracy: 0.991 ; loss: 0.027
2022-04-22 21:35:08,938:INFO: - Eval metrics : accuracy: 0.868 ; loss: 0.606
2022-04-22 21:35:08,957:INFO: Epoch 23/50
2022-04-22 21:35:12,955:INFO: - Train metrics: accuracy: 0.994 ; loss: 0.024
2022-04-22 21:35:13,062:INFO: - Eval metrics : accuracy: 0.867 ; loss: 0.632
2022-04-22 21:35:13,085:INFO: Epoch 24/50
2022-04-22 21:35:16,899:INFO: - Train metrics: accuracy: 0.994 ; loss: 0.020
2022-04-22 21:35:17,005:INFO: - Eval metrics : accuracy: 0.858 ; loss: 0.670
2022-04-22 21:35:17,031:INFO: Epoch 25/50
2022-04-22 21:35:20,970:INFO: - Train metrics: accuracy: 0.994 ; loss: 0.017
2022-04-22 21:35:21,089:INFO: - Eval metrics : accuracy: 0.858 ; loss: 0.699
2022-04-22 21:35:21,105:INFO: Epoch 26/50
2022-04-22 21:35:25,020:INFO: - Train metrics: accuracy: 0.994 ; loss: 0.016
2022-04-22 21:35:25,121:INFO: - Eval metrics : accuracy: 0.863 ; loss: 0.721
2022-04-22 21:35:25,144:INFO: Epoch 27/50
2022-04-22 21:35:29,137:INFO: - Train metrics: accuracy: 0.994 ; loss: 0.015
2022-04-22 21:35:29,253:INFO: - Eval metrics : accuracy: 0.863 ; loss: 0.741
2022-04-22 21:35:29,265:INFO: Epoch 28/50
2022-04-22 21:35:33,115:INFO: - Train metrics: accuracy: 0.994 ; loss: 0.014
2022-04-22 21:35:33,228:INFO: - Eval metrics : accuracy: 0.861 ; loss: 0.763
2022-04-22 21:35:33,239:INFO: Epoch 29/50
2022-04-22 21:35:37,248:INFO: - Train metrics: accuracy: 0.994 ; loss: 0.013
2022-04-22 21:35:37,369:INFO: - Eval metrics : accuracy: 0.860 ; loss: 0.782
2022-04-22 21:35:37,394:INFO: Epoch 30/50
2022-04-22 21:35:41,505:INFO: - Train metrics: accuracy: 0.994 ; loss: 0.012
2022-04-22 21:35:41,623:INFO: - Eval metrics : accuracy: 0.858 ; loss: 0.804
2022-04-22 21:35:41,635:INFO: Epoch 31/50
2022-04-22 21:35:45,832:INFO: - Train metrics: accuracy: 0.994 ; loss: 0.012
2022-04-22 21:35:45,944:INFO: - Eval metrics : accuracy: 0.861 ; loss: 0.812
2022-04-22 21:35:45,947:INFO: Epoch 32/50
2022-04-22 21:35:50,162:INFO: - Train metrics: accuracy: 0.994 ; loss: 0.012
2022-04-22 21:35:50,293:INFO: - Eval metrics : accuracy: 0.864 ; loss: 0.824
2022-04-22 21:35:50,316:INFO: Epoch 33/50
2022-04-22 21:35:54,483:INFO: - Train metrics: accuracy: 0.994 ; loss: 0.012
2022-04-22 21:35:54,586:INFO: - Eval metrics : accuracy: 0.866 ; loss: 0.838
2022-04-22 21:35:54,609:INFO: Epoch 34/50
2022-04-22 21:35:58,867:INFO: - Train metrics: accuracy: 0.994 ; loss: 0.011
2022-04-22 21:35:58,982:INFO: - Eval metrics : accuracy: 0.863 ; loss: 0.845
2022-04-22 21:35:58,988:INFO: Epoch 35/50
2022-04-22 21:36:03,057:INFO: - Train metrics: accuracy: 0.994 ; loss: 0.011
2022-04-22 21:36:03,192:INFO: - Eval metrics : accuracy: 0.859 ; loss: 0.857
2022-04-22 21:36:03,194:INFO: Epoch 36/50
2022-04-22 21:36:08,135:INFO: - Train metrics: accuracy: 0.994 ; loss: 0.011
2022-04-22 21:36:08,287:INFO: - Eval metrics : accuracy: 0.858 ; loss: 0.866
2022-04-22 21:36:08,311:INFO: Epoch 37/50
2022-04-22 21:36:12,988:INFO: - Train metrics: accuracy: 0.994 ; loss: 0.011
2022-04-22 21:36:13,126:INFO: - Eval metrics : accuracy: 0.857 ; loss: 0.875
2022-04-22 21:36:13,150:INFO: Epoch 38/50
2022-04-22 21:36:17,877:INFO: - Train metrics: accuracy: 0.994 ; loss: 0.011
2022-04-22 21:36:18,023:INFO: - Eval metrics : accuracy: 0.857 ; loss: 0.877
2022-04-22 21:36:18,037:INFO: Epoch 39/50
2022-04-22 21:36:23,214:INFO: - Train metrics: accuracy: 0.994 ; loss: 0.011
2022-04-22 21:36:23,327:INFO: - Eval metrics : accuracy: 0.859 ; loss: 0.886
2022-04-22 21:36:23,343:INFO: Epoch 40/50
2022-04-22 21:36:28,342:INFO: - Train metrics: accuracy: 0.994 ; loss: 0.010
2022-04-22 21:36:28,498:INFO: - Eval metrics : accuracy: 0.858 ; loss: 0.893
2022-04-22 21:36:28,518:INFO: Epoch 41/50
2022-04-22 21:36:34,336:INFO: - Train metrics: accuracy: 0.994 ; loss: 0.010
2022-04-22 21:36:34,605:INFO: - Eval metrics : accuracy: 0.857 ; loss: 0.897
2022-04-22 21:36:34,631:INFO: Epoch 42/50
2022-04-22 21:36:39,827:INFO: - Train metrics: accuracy: 0.994 ; loss: 0.010
2022-04-22 21:36:40,009:INFO: - Eval metrics : accuracy: 0.857 ; loss: 0.902
2022-04-22 21:36:40,037:INFO: Epoch 43/50
2022-04-22 21:36:44,492:INFO: - Train metrics: accuracy: 0.994 ; loss: 0.010
2022-04-22 21:36:44,620:INFO: - Eval metrics : accuracy: 0.857 ; loss: 0.906
2022-04-22 21:36:44,629:INFO: Epoch 44/50
2022-04-22 21:36:48,808:INFO: - Train metrics: accuracy: 0.994 ; loss: 0.010
2022-04-22 21:36:48,935:INFO: - Eval metrics : accuracy: 0.857 ; loss: 0.909
2022-04-22 21:36:48,947:INFO: Epoch 45/50
2022-04-22 21:36:53,184:INFO: - Train metrics: accuracy: 0.994 ; loss: 0.010
2022-04-22 21:36:53,364:INFO: - Eval metrics : accuracy: 0.856 ; loss: 0.911
2022-04-22 21:36:53,376:INFO: Epoch 46/50
2022-04-22 21:36:57,599:INFO: - Train metrics: accuracy: 0.994 ; loss: 0.010
2022-04-22 21:36:57,706:INFO: - Eval metrics : accuracy: 0.857 ; loss: 0.913
2022-04-22 21:36:57,731:INFO: Epoch 47/50
2022-04-22 21:37:02,055:INFO: - Train metrics: accuracy: 0.994 ; loss: 0.010
2022-04-22 21:37:02,192:INFO: - Eval metrics : accuracy: 0.857 ; loss: 0.915
2022-04-22 21:37:02,213:INFO: Epoch 48/50
2022-04-22 21:37:06,513:INFO: - Train metrics: accuracy: 0.994 ; loss: 0.010
2022-04-22 21:37:06,645:INFO: - Eval metrics : accuracy: 0.857 ; loss: 0.916
2022-04-22 21:37:06,658:INFO: Epoch 49/50
2022-04-22 21:37:10,845:INFO: - Train metrics: accuracy: 0.994 ; loss: 0.010
2022-04-22 21:37:10,960:INFO: - Eval metrics : accuracy: 0.857 ; loss: 0.918
2022-04-22 21:37:10,994:INFO: Epoch 50/50
2022-04-22 21:37:14,916:INFO: - Train metrics: accuracy: 0.994 ; loss: 0.010
2022-04-22 21:37:15,042:INFO: - Eval metrics : accuracy: 0.857 ; loss: 0.920
2022-04-22 21:55:11,883:INFO: Loading the datasets...
2022-04-22 21:55:11,927:INFO: - done.
2022-04-22 21:55:11,933:INFO: Starting training for 10 epoch(s)
2022-04-22 21:55:11,934:INFO: Epoch 1/10
2022-04-22 21:55:15,767:INFO: - Train metrics: accuracy: 0.733 ; loss: 0.602
2022-04-22 21:55:15,871:INFO: - Eval metrics : accuracy: 0.906 ; loss: 0.294
2022-04-22 21:55:15,906:INFO: - Found new best accuracy
2022-04-22 21:55:15,909:INFO: Epoch 2/10
2022-04-22 21:55:19,794:INFO: - Train metrics: accuracy: 0.881 ; loss: 0.294
2022-04-22 21:55:19,900:INFO: - Eval metrics : accuracy: 0.907 ; loss: 0.262
2022-04-22 21:55:19,932:INFO: - Found new best accuracy
2022-04-22 21:55:19,934:INFO: Epoch 3/10
2022-04-22 21:55:23,846:INFO: - Train metrics: accuracy: 0.885 ; loss: 0.258
2022-04-22 21:55:23,946:INFO: - Eval metrics : accuracy: 0.908 ; loss: 0.251
2022-04-22 21:55:23,963:INFO: - Found new best accuracy
2022-04-22 21:55:23,978:INFO: Epoch 4/10
2022-04-22 21:55:27,750:INFO: - Train metrics: accuracy: 0.893 ; loss: 0.235
2022-04-22 21:55:27,874:INFO: - Eval metrics : accuracy: 0.909 ; loss: 0.246
2022-04-22 21:55:27,905:INFO: - Found new best accuracy
2022-04-22 21:55:27,907:INFO: Epoch 5/10
2022-04-22 21:55:31,800:INFO: - Train metrics: accuracy: 0.891 ; loss: 0.216
2022-04-22 21:55:31,905:INFO: - Eval metrics : accuracy: 0.909 ; loss: 0.245
2022-04-22 21:55:31,935:INFO: - Found new best accuracy
2022-04-22 21:55:31,937:INFO: Epoch 6/10
2022-04-22 21:55:35,880:INFO: - Train metrics: accuracy: 0.908 ; loss: 0.199
2022-04-22 21:55:35,984:INFO: - Eval metrics : accuracy: 0.908 ; loss: 0.248
2022-04-22 21:55:36,012:INFO: Epoch 7/10
2022-04-22 21:55:39,863:INFO: - Train metrics: accuracy: 0.912 ; loss: 0.183
2022-04-22 21:55:39,985:INFO: - Eval metrics : accuracy: 0.904 ; loss: 0.255
2022-04-22 21:55:40,002:INFO: Epoch 8/10
2022-04-22 21:55:43,865:INFO: - Train metrics: accuracy: 0.919 ; loss: 0.168
2022-04-22 21:55:43,975:INFO: - Eval metrics : accuracy: 0.899 ; loss: 0.264
2022-04-22 21:55:44,001:INFO: Epoch 9/10
2022-04-22 21:55:47,870:INFO: - Train metrics: accuracy: 0.928 ; loss: 0.153
2022-04-22 21:55:47,972:INFO: - Eval metrics : accuracy: 0.898 ; loss: 0.275
2022-04-22 21:55:47,994:INFO: Epoch 10/10
2022-04-22 21:55:51,914:INFO: - Train metrics: accuracy: 0.936 ; loss: 0.137
2022-04-22 21:55:52,019:INFO: - Eval metrics : accuracy: 0.895 ; loss: 0.289
2022-04-22 22:01:48,314:INFO: Loading the datasets...
2022-04-22 22:01:48,348:INFO: - done.
2022-04-22 22:01:48,353:INFO: Starting training for 2 epoch(s)
2022-04-22 22:01:48,354:INFO: Epoch 1/2
2022-04-22 22:01:52,049:INFO: - Train metrics: accuracy: 0.733 ; loss: 0.602
2022-04-22 22:01:52,146:INFO: - Eval metrics : accuracy: 0.906 ; loss: 0.294
2022-04-22 22:01:52,176:INFO: - Found new best accuracy
2022-04-22 22:01:52,180:INFO: Epoch 2/2
2022-04-22 22:01:56,004:INFO: - Train metrics: accuracy: 0.881 ; loss: 0.294
2022-04-22 22:01:56,108:INFO: - Eval metrics : accuracy: 0.907 ; loss: 0.262
2022-04-22 22:01:56,143:INFO: - Found new best accuracy
2022-04-22 22:07:09,511:INFO: Loading the datasets...
2022-04-22 22:07:09,743:INFO: - done.
2022-04-22 22:07:09,980:INFO: Starting training for 2 epoch(s)
2022-04-22 22:07:09,982:INFO: Epoch 1/2
2022-04-22 22:07:15,017:INFO: - Train metrics: accuracy: 0.717 ; loss: 0.615
2022-04-22 22:07:15,194:INFO: - Eval metrics : accuracy: 0.882 ; loss: 0.320
2022-04-22 22:07:15,526:INFO: - Found new best accuracy
2022-04-22 22:07:15,542:INFO: Epoch 2/2
2022-04-22 22:07:20,749:INFO: - Train metrics: accuracy: 0.865 ; loss: 0.322
2022-04-22 22:07:20,868:INFO: - Eval metrics : accuracy: 0.882 ; loss: 0.292
2022-04-22 22:07:20,955:INFO: - Found new best accuracy
2022-04-22 22:08:36,278:INFO: Loading the datasets...
2022-04-22 22:08:36,329:INFO: - done.
2022-04-22 22:08:36,352:INFO: Starting training for 2 epoch(s)
2022-04-22 22:08:36,352:INFO: Epoch 1/2
2022-04-22 22:16:03,483:INFO: Loading the datasets...
